1
0
1
ASSEMBLY
1
ANALISE-1-1
ANALISE-1
1
ANALISE-1-1
205
1 1
2 2
3 3
4 4
5 5
6 6
7 7
8 8
9 9
10 10
11 11
12 12
13 13
14 14
15 15
16 16
17 17
18 18
19 19
20 20
21 21
22 22
23 23
24 24
25 25
26 26
27 27
28 28
29 29
30 30
31 31
32 32
33 33
34 34
35 35
36 36
37 37
38 38
39 39
40 40
41 41
42 42
43 43
44 44
45 45
46 46
47 47
48 48
49 49
50 50
51 51
52 52
53 53
54 54
55 55
56 56
57 57
58 58
59 59
60 60
61 61
62 62
63 63
64 64
65 65
66 66
67 67
68 68
69 69
70 70
71 71
72 72
73 73
74 74
75 75
76 76
77 77
78 78
79 79
80 80
81 81
82 82
83 83
84 84
85 85
86 86
87 87
88 88
89 89
90 90
91 91
92 92
93 93
94 94
95 95
96 96
97 97
98 98
99 99
100 100
101 101
102 102
103 103
104 104
105 105
106 106
107 107
108 108
109 109
110 110
111 111
112 112
113 113
114 114
115 115
116 116
117 117
118 118
119 119
120 120
121 121
122 122
123 123
124 124
125 125
126 126
127 127
128 128
129 129
130 130
131 131
132 132
133 133
134 134
135 135
136 136
137 137
138 138
139 139
140 140
141 141
142 142
143 143
144 144
145 145
146 146
147 147
148 148
149 149
150 150
151 151
152 152
153 153
154 154
155 155
156 156
157 157
158 158
159 159
160 160
161 161
162 162
163 163
164 164
165 165
166 166
167 167
168 168
169 169
170 170
171 171
172 172
173 173
174 174
175 175
176 176
177 177
178 178
179 179
180 180
181 181
182 182
183 183
184 184
185 185
186 186
187 187
188 188
189 189
190 190
191 191
192 192
193 193
194 194
195 195
196 196
197 197
198 198
199 199
200 200
201 201
202 202
203 203
204 204
205 205
-2147483647
0
1
ANALISE-1-1
165
1 1
2 2
3 3
4 4
5 5
6 6
7 7
8 8
9 9
10 10
11 11
12 12
13 13
14 14
15 15
16 16
17 17
18 18
19 19
20 20
21 21
22 22
23 23
24 24
25 25
26 26
27 27
28 28
29 29
30 30
31 31
32 32
33 33
34 34
35 35
36 36
37 37
38 38
39 39
40 40
41 41
42 42
43 43
44 44
45 45
46 46
47 47
48 48
49 49
50 50
51 51
52 52
53 53
54 54
55 55
56 56
57 57
58 58
59 59
60 60
61 61
62 62
63 63
64 64
65 65
66 66
67 67
68 68
69 69
70 70
71 71
72 72
73 73
74 74
75 75
76 76
77 77
78 78
79 79
80 80
81 81
82 82
83 83
84 84
85 85
86 86
87 87
88 88
89 89
90 90
91 91
92 92
93 93
94 94
95 95
96 96
97 97
98 98
99 99
100 100
101 101
102 102
103 103
104 104
105 105
106 106
107 107
108 108
109 109
110 110
111 111
112 112
113 113
114 114
115 115
116 116
117 117
118 118
119 119
120 120
121 121
122 122
123 123
124 124
125 125
126 126
127 127
128 128
129 129
130 130
131 131
132 132
133 133
134 134
135 135
136 136
137 137
138 138
139 139
140 140
141 141
142 142
143 143
144 144
145 145
146 146
147 147
148 148
149 149
150 150
151 151
152 152
153 153
154 154
155 155
156 156
157 157
158 158
159 159
160 160
161 161
162 162
163 163
164 164
165 165
-2147483647
0
0
1
ANALISE-1-1
67
ALL
0
1
165
1 2 3 4 5 6 7 8 9 10 11 12 13 14 15 16 17 18 19 20 21 22 23 24 25 26 27 28 29 30 31 32 33 34 35 36 37 38 39 40 41 42 43 44 45 46 47 48 49 50 51 52 53 54 55 56 57 58 59 60 61 62 63 64 65 66 67 68 69 70 71 72 73 74 75 76 77 78 79 80 81 82 83 84 85 86 87 88 89 90 91 92 93 94 95 96 97 98 99 100 101 102 103 104 105 106 107 108 109 110 111 112 113 114 115 116 117 118 119 120 121 122 123 124 125 126 127 128 129 130 131 132 133 134 135 136 137 138 139 140 141 142 143 144 145 146 147 148 149 150 151 152 153 154 155 156 157 158 159 160 161 162 163 164 165 
0
0
ALLROCK
0
1
99
23 24 25 26 27 28 29 30 31 32 33 34 35 36 37 38 39 40 41 42 43 44 67 68 69 70 71 72 73 74 75 76 77 78 79 80 81 82 83 84 85 86 87 88 100 101 102 103 104 105 106 107 108 109 110 111 112 113 114 115 116 117 118 119 120 121 122 123 124 125 126 127 128 129 130 131 132 144 145 146 147 148 149 150 151 152 153 154 155 156 157 158 159 160 161 162 163 164 165 
0
0
FASEI
0
1
66
1 2 3 4 5 6 7 8 9 10 11 12 13 14 15 16 17 18 19 20 21 22 45 46 47 48 49 50 51 52 53 54 55 56 57 58 59 60 61 62 63 64 65 66 89 90 91 92 93 94 95 96 97 98 99 133 134 135 136 137 138 139 140 141 142 143 
0
0
FASEI_ANNULAR
0
1
33
45 46 47 48 49 50 51 52 53 54 55 89 90 91 92 93 94 95 96 97 98 99 133 134 135 136 137 138 139 140 141 142 143 
0
0
FASEI_ANNULAR_BASE
0
1
1
55 
0
0
FASEI_ANNULAR_ID
0
1
66
1 2 3 4 5 6 7 8 9 10 11 12 13 14 15 16 17 18 19 20 21 22 45 46 47 48 49 50 51 52 53 54 55 56 57 58 59 60 61 62 63 64 65 66 89 90 91 92 93 94 95 96 97 98 99 133 134 135 136 137 138 139 140 141 142 143 
0
0
FASEI_ANNULAR_OD
0
1
66
45 46 47 48 49 50 51 52 53 54 55 89 90 91 92 93 94 95 96 97 98 99 122 123 124 125 126 127 128 129 130 131 132 133 134 135 136 137 138 139 140 141 142 143 144 145 146 147 148 149 150 151 152 153 154 155 156 157 158 159 160 161 162 163 164 165 
0
0
FASEI_ANNULAR_TOP
0
1
1
89 
0
0
FASEI_ANNULAR_TT
0
1
6
45 55 89 99 133 143 
0
0
FASEI_COMPLETED_WELL
0
1
33
1 2 3 4 5 6 7 8 9 10 11 12 13 14 15 16 17 18 19 20 21 22 56 57 58 59 60 61 62 63 64 65 66 
0
0
FASEI_FLUIDO
0
1
33
45 46 47 48 49 50 51 52 53 54 55 89 90 91 92 93 94 95 96 97 98 99 133 134 135 136 137 138 139 140 141 142 143 
0
0
FASEI_FLUIDO_BASE
0
1
1
55 
0
0
FASEI_FLUIDO_ID
0
1
66
1 2 3 4 5 6 7 8 9 10 11 12 13 14 15 16 17 18 19 20 21 22 45 46 47 48 49 50 51 52 53 54 55 56 57 58 59 60 61 62 63 64 65 66 89 90 91 92 93 94 95 96 97 98 99 133 134 135 136 137 138 139 140 141 142 143 
0
0
FASEI_FLUIDO_OD
0
1
66
45 46 47 48 49 50 51 52 53 54 55 89 90 91 92 93 94 95 96 97 98 99 122 123 124 125 126 127 128 129 130 131 132 133 134 135 136 137 138 139 140 141 142 143 144 145 146 147 148 149 150 151 152 153 154 155 156 157 158 159 160 161 162 163 164 165 
0
0
FASEI_FLUIDO_TOP
0
1
1
89 
0
0
FASEI_OPEN_WELL
0
1
66
45 46 47 48 49 50 51 52 53 54 55 89 90 91 92 93 94 95 96 97 98 99 122 123 124 125 126 127 128 129 130 131 132 133 134 135 136 137 138 139 140 141 142 143 144 145 146 147 148 149 150 151 152 153 154 155 156 157 158 159 160 161 162 163 164 165 
0
0
FASEI_REV
0
1
33
1 2 3 4 5 6 7 8 9 10 11 12 13 14 15 16 17 18 19 20 21 22 56 57 58 59 60 61 62 63 64 65 66 
0
0
FASEI_REV_ABOVE_TOC
0
1
33
1 2 3 4 5 6 7 8 9 10 11 12 13 14 15 16 17 18 19 20 21 22 56 57 58 59 60 61 62 63 64 65 66 
0
0
FASEI_REV_BASE
0
1
1
11 
0
0
FASEI_REV_ID
0
1
33
1 2 3 4 5 6 7 8 9 10 11 12 13 14 15 16 17 18 19 20 21 22 56 57 58 59 60 61 62 63 64 65 66 
0
0
FASEI_REV_OD
0
1
66
1 2 3 4 5 6 7 8 9 10 11 12 13 14 15 16 17 18 19 20 21 22 45 46 47 48 49 50 51 52 53 54 55 56 57 58 59 60 61 62 63 64 65 66 89 90 91 92 93 94 95 96 97 98 99 133 134 135 136 137 138 139 140 141 142 143 
0
0
FASEI_REV_TOP
0
1
1
22 
0
0
FASEI_REV_TT
0
1
6
1 11 12 22 56 66 
0
0
FASEI_SLAVE
0
1
33
122 123 124 125 126 127 128 129 130 131 132 144 145 146 147 148 149 150 151 152 153 154 155 156 157 158 159 160 161 162 163 164 165 
0
0
FASEI_WELL
0
1
66
45 46 47 48 49 50 51 52 53 54 55 89 90 91 92 93 94 95 96 97 98 99 122 123 124 125 126 127 128 129 130 131 132 133 134 135 136 137 138 139 140 141 142 143 144 145 146 147 148 149 150 151 152 153 154 155 156 157 158 159 160 161 162 163 164 165 
0
0
FASEI_WELL_CIMENTO_BASE
0
1
66
45 46 47 48 49 50 51 52 53 54 55 89 90 91 92 93 94 95 96 97 98 99 122 123 124 125 126 127 128 129 130 131 132 133 134 135 136 137 138 139 140 141 142 143 144 145 146 147 148 149 150 151 152 153 154 155 156 157 158 159 160 161 162 163 164 165 
0
0
L1-I
0
1
33
67 68 69 70 71 72 73 74 75 76 77 78 79 80 81 82 83 84 85 86 87 88 144 145 146 147 148 149 150 151 152 153 154 
0
0
L1-I_BASE
0
1
6
67 68 120 121 154 155 
0
0
L1-I_ID
0
1
22
89 90 91 92 93 94 95 96 97 98 99 144 145 146 147 148 149 150 151 152 153 154 
0
0
L1-I_OD
0
1
11
68 70 72 74 76 78 80 82 84 86 88 
0
0
L1-I_TOP
0
1
3
87 88 144 
0
0
L2-I
0
1
33
100 101 102 103 104 105 106 107 108 109 110 111 112 113 114 115 116 117 118 119 120 121 155 156 157 158 159 160 161 162 163 164 165 
0
0
L2-I_BASE
0
1
6
23 34 100 101 122 165 
0
0
L2-I_ID
0
1
22
133 134 135 136 137 138 139 140 141 142 143 155 156 157 158 159 160 161 162 163 164 165 
0
0
L2-I_OD
0
1
11
101 103 105 107 109 111 113 115 117 119 121 
0
0
L2-I_TOP
0
1
6
67 68 120 121 154 155 
0
0
L3-I
0
1
33
23 24 25 26 27 28 29 30 31 32 33 34 35 36 37 38 39 40 41 42 43 44 122 123 124 125 126 127 128 129 130 131 132 
0
0
L3-I_BASE
0
1
3
33 44 132 
0
0
L3-I_ID
0
1
22
45 46 47 48 49 50 51 52 53 54 55 122 123 124 125 126 127 128 129 130 131 132 
0
0
L3-I_OD
0
1
11
34 35 36 37 38 39 40 41 42 43 44 
0
0
L3-I_TOP
0
1
6
23 34 100 101 122 165 
0
0
MESH_TT_ANNULARS
0
1
6
45 55 89 99 133 143 
0
0
MESH_TT_PIPES
0
1
6
1 11 12 22 56 66 
0
0
MESH_TT_ROCK_FAR
0
1
12
23 33 34 44 67 68 87 88 100 101 120 121 
0
0
MESH_TT_ROCK_NEAR
0
1
6
122 132 144 154 155 165 
0
0
MESH_VERTICAL
0
1
165
1 2 3 4 5 6 7 8 9 10 11 12 13 14 15 16 17 18 19 20 21 22 23 24 25 26 27 28 29 30 31 32 33 34 35 36 37 38 39 40 41 42 43 44 45 46 47 48 49 50 51 52 53 54 55 56 57 58 59 60 61 62 63 64 65 66 67 68 69 70 71 72 73 74 75 76 77 78 79 80 81 82 83 84 85 86 87 88 89 90 91 92 93 94 95 96 97 98 99 100 101 102 103 104 105 106 107 108 109 110 111 112 113 114 115 116 117 118 119 120 121 122 123 124 125 126 127 128 129 130 131 132 133 134 135 136 137 138 139 140 141 142 143 144 145 146 147 148 149 150 151 152 153 154 155 156 157 158 159 160 161 162 163 164 165 
0
0
ROCK_BC
0
1
33
34 35 36 37 38 39 40 41 42 43 44 68 70 72 74 76 78 80 82 84 86 88 101 103 105 107 109 111 113 115 117 119 121 
0
0
ROCK_OUTPUT
0
1
33
122 123 124 125 126 127 128 129 130 131 132 144 145 146 147 148 149 150 151 152 153 154 155 156 157 158 159 160 161 162 163 164 165 
0
0
YSYM_BASE
0
1
5
11 33 44 55 132 
0
0
YSYM_TOP
0
1
5
22 87 88 89 144 
0
0
_FASEI_ANNULAR_S1
0
2
22
122 123 124 125 126 127 128 129 130 131 132 144 145 146 147 148 149 150 151 152 153 154 
0
0
_FASEI_ANNULAR_S2
0
2
34
12 13 14 15 16 17 18 19 20 21 22 55 56 57 58 59 60 61 62 63 64 65 66 155 156 157 158 159 160 161 162 163 164 165 
0
0
_FASEI_ANNULAR_S4
0
2
12
1 2 3 4 5 6 7 8 9 10 11 89 
0
0
_FASEI_COMPLETED_WELL_S2
0
2
11
1 2 3 4 5 6 7 8 9 10 11 
0
0
_FASEI_COMPLETED_WELL_S4
0
2
22
12 13 14 15 16 17 18 19 20 21 22 56 57 58 59 60 61 62 63 64 65 66 
0
0
_FASEI_FLUIDO_S1
0
2
22
122 123 124 125 126 127 128 129 130 131 132 144 145 146 147 148 149 150 151 152 153 154 
0
0
_FASEI_FLUIDO_S2
0
2
33
12 13 14 15 16 17 18 19 20 21 22 56 57 58 59 60 61 62 63 64 65 66 155 156 157 158 159 160 161 162 163 164 165 
0
0
_FASEI_FLUIDO_S4
0
2
11
1 2 3 4 5 6 7 8 9 10 11 
0
0
_FASEI_MASTER_S2
0
2
22
12 13 14 15 16 17 18 19 20 21 22 56 57 58 59 60 61 62 63 64 65 66 
0
0
_FASEI_MASTER_S4
0
2
11
1 2 3 4 5 6 7 8 9 10 11 
0
0
_FASEI_OPEN_WELL_S1
0
2
22
122 123 124 125 126 127 128 129 130 131 132 144 145 146 147 148 149 150 151 152 153 154 
0
0
_FASEI_OPEN_WELL_S2
0
2
11
155 156 157 158 159 160 161 162 163 164 165 
0
0
_FASEI_REV_S2
0
2
33
1 2 3 4 5 6 7 8 9 10 11 12 13 14 15 16 17 18 19 20 21 22 56 57 58 59 60 61 62 63 64 65 66 
0
0
_FASEI_REV_S3
0
2
2
11 22 
0
0
_FASEI_REV_S4
0
2
33
1 2 3 4 5 6 7 8 9 10 11 12 13 14 15 16 17 18 19 20 21 22 56 57 58 59 60 61 62 63 64 65 66 
0
0
_FASEI_WELL_S1
0
2
22
122 123 124 125 126 127 128 129 130 131 132 144 145 146 147 148 149 150 151 152 153 154 
0
0
_FASEI_WELL_S2
0
2
11
155 156 157 158 159 160 161 162 163 164 165 
0
0
0
0
1
ANALISE-1-1
50
ALL
0
1
204
1 2 3 4 5 6 7 8 9 10 11 12 13 14 15 16 17 18 19 20 21 22 23 24 25 26 27 28 29 30 31 32 33 34 35 36 37 38 39 40 41 42 43 44 45 46 47 48 49 50 51 52 53 54 55 56 57 58 59 60 61 62 63 64 65 66 67 68 69 70 71 72 73 74 75 76 77 78 79 80 81 82 83 84 85 86 87 88 89 90 91 92 93 94 95 96 97 98 99 100 101 102 103 104 105 106 107 108 109 110 111 112 113 114 115 116 117 118 119 120 121 122 123 124 125 126 127 128 129 130 131 132 133 134 135 136 137 138 139 140 141 142 143 144 145 146 147 148 149 150 151 152 153 154 155 156 157 158 159 160 161 162 163 164 165 166 167 168 169 170 171 172 173 174 175 176 177 178 179 180 181 182 183 184 185 186 187 188 189 190 191 192 193 194 195 196 197 198 199 200 201 202 203 204 
0
0
ALLROCK
0
1
136
9 10 11 12 13 14 15 16 17 18 19 20 61 62 63 64 65 66 67 68 69 70 71 72 73 74 75 76 77 78 79 80 81 82 83 84 85 86 87 88 89 90 91 92 113 114 115 116 117 118 119 120 121 122 123 124 125 126 127 128 129 130 131 132 133 134 135 136 137 138 139 140 141 142 143 144 145 146 147 148 149 150 151 152 153 154 155 156 157 158 159 160 161 162 163 164 165 166 167 168 169 170 171 172 173 174 175 176 177 178 179 180 181 182 183 184 185 186 187 188 189 190 191 192 193 194 195 196 197 198 199 200 201 202 203 204 
0
0
FASEI
0
1
102
1 2 3 4 5 6 7 8 13 14 19 20 21 22 23 24 25 26 27 28 29 30 31 32 33 34 35 36 37 38 39 40 41 42 43 44 45 46 47 48 49 50 51 52 53 54 55 56 57 58 59 60 83 84 85 86 87 88 89 90 91 92 93 94 95 96 97 98 99 100 101 102 103 104 105 106 107 108 109 110 111 112 135 136 137 138 139 140 141 142 143 144 165 166 167 168 169 170 171 172 173 174 
0
0
FASEI_ANNULAR
0
1
68
1 4 6 7 13 14 19 20 31 32 33 34 35 36 37 38 39 40 41 42 43 44 45 46 47 48 49 50 83 84 85 86 87 88 89 90 91 92 93 94 95 96 97 98 99 100 101 102 135 136 137 138 139 140 141 142 143 144 165 166 167 168 169 170 171 172 173 174 
0
0
FASEI_ANNULAR_BASE
0
1
2
4 13 
0
0
FASEI_ANNULAR_ID
0
1
34
1 4 6 7 31 32 33 34 35 36 37 38 39 40 41 42 43 44 45 46 47 48 49 50 93 94 95 96 97 98 99 100 101 102 
0
0
FASEI_ANNULAR_OD
0
1
34
13 14 19 20 83 84 85 86 87 88 89 90 91 92 135 136 137 138 139 140 141 142 143 144 165 166 167 168 169 170 171 172 173 174 
0
0
FASEI_ANNULAR_TOP
0
1
2
7 20 
0
0
FASEI_ANNULAR_TT
0
1
8
1 4 6 7 13 14 19 20 
0
0
FASEI_COMPLETED_WELL
0
1
34
2 3 5 8 21 22 23 24 25 26 27 28 29 30 51 52 53 54 55 56 57 58 59 60 103 104 105 106 107 108 109 110 111 112 
0
0
FASEI_FLUIDO
0
1
68
1 4 6 7 13 14 19 20 31 32 33 34 35 36 37 38 39 40 41 42 43 44 45 46 47 48 49 50 83 84 85 86 87 88 89 90 91 92 93 94 95 96 97 98 99 100 101 102 135 136 137 138 139 140 141 142 143 144 165 166 167 168 169 170 171 172 173 174 
0
0
FASEI_FLUIDO_BASE
0
1
2
4 13 
0
0
FASEI_FLUIDO_ID
0
1
34
1 4 6 7 31 32 33 34 35 36 37 38 39 40 41 42 43 44 45 46 47 48 49 50 93 94 95 96 97 98 99 100 101 102 
0
0
FASEI_FLUIDO_OD
0
1
34
13 14 19 20 83 84 85 86 87 88 89 90 91 92 135 136 137 138 139 140 141 142 143 144 165 166 167 168 169 170 171 172 173 174 
0
0
FASEI_FLUIDO_TOP
0
1
2
7 20 
0
0
FASEI_OPEN_WELL
0
1
34
13 14 19 20 83 84 85 86 87 88 89 90 91 92 135 136 137 138 139 140 141 142 143 144 165 166 167 168 169 170 171 172 173 174 
0
0
FASEI_REV
0
1
68
1 2 3 4 5 6 7 8 21 22 23 24 25 26 27 28 29 30 31 32 33 34 35 36 37 38 39 40 41 42 43 44 45 46 47 48 49 50 51 52 53 54 55 56 57 58 59 60 93 94 95 96 97 98 99 100 101 102 103 104 105 106 107 108 109 110 111 112 
0
0
FASEI_REV_ABOVE_TOC
0
1
68
1 2 3 4 5 6 7 8 21 22 23 24 25 26 27 28 29 30 31 32 33 34 35 36 37 38 39 40 41 42 43 44 45 46 47 48 49 50 51 52 53 54 55 56 57 58 59 60 93 94 95 96 97 98 99 100 101 102 103 104 105 106 107 108 109 110 111 112 
0
0
FASEI_REV_BASE
0
1
2
3 4 
0
0
FASEI_REV_ID
0
1
34
2 3 5 8 21 22 23 24 25 26 27 28 29 30 51 52 53 54 55 56 57 58 59 60 103 104 105 106 107 108 109 110 111 112 
0
0
FASEI_REV_OD
0
1
34
1 4 6 7 31 32 33 34 35 36 37 38 39 40 41 42 43 44 45 46 47 48 49 50 93 94 95 96 97 98 99 100 101 102 
0
0
FASEI_REV_TOP
0
1
2
7 8 
0
0
FASEI_REV_TT
0
1
8
1 2 3 4 5 6 7 8 
0
0
FASEI_SLAVE
0
1
68
9 10 13 14 15 18 19 20 61 62 63 64 65 66 67 68 69 70 83 84 85 86 87 88 89 90 91 92 125 126 127 128 129 130 131 132 133 134 135 136 137 138 139 140 141 142 143 144 155 156 157 158 159 160 161 162 163 164 165 166 167 168 169 170 171 172 173 174 
0
0
FASEI_WELL
0
1
34
13 14 19 20 83 84 85 86 87 88 89 90 91 92 135 136 137 138 139 140 141 142 143 144 165 166 167 168 169 170 171 172 173 174 
0
0
FASEI_WELL_CIMENTO_BASE
0
1
34
13 14 19 20 83 84 85 86 87 88 89 90 91 92 135 136 137 138 139 140 141 142 143 144 165 166 167 168 169 170 171 172 173 174 
0
0
L1-I
0
1
48
15 16 17 18 19 20 113 114 115 116 117 118 119 120 121 122 123 124 125 126 127 128 129 130 131 132 133 134 135 136 137 138 139 140 141 142 143 144 185 186 187 188 189 190 191 192 193 194 
0
0
L1-I_BASE
0
1
4
15 16 19 113 
0
0
L1-I_ID
0
1
12
19 20 135 136 137 138 139 140 141 142 143 144 
0
0
L1-I_OD
0
1
12
16 17 114 115 116 117 118 119 120 121 122 123 
0
0
L1-I_TOP
0
1
4
17 18 20 124 
0
0
L2-I
0
1
48
9 12 14 15 16 19 82 113 145 146 147 148 149 150 151 152 153 154 155 156 157 158 159 160 161 162 163 164 165 166 167 168 169 170 171 172 173 174 195 196 197 198 199 200 201 202 203 204 
0
0
L2-I_BASE
0
1
4
9 12 14 82 
0
0
L2-I_ID
0
1
12
14 19 165 166 167 168 169 170 171 172 173 174 
0
0
L2-I_OD
0
1
12
12 16 145 146 147 148 149 150 151 152 153 154 
0
0
L2-I_TOP
0
1
4
15 16 19 113 
0
0
L3-I
0
1
48
9 10 11 12 13 14 61 62 63 64 65 66 67 68 69 70 71 72 73 74 75 76 77 78 79 80 81 82 83 84 85 86 87 88 89 90 91 92 175 176 177 178 179 180 181 182 183 184 
0
0
L3-I_BASE
0
1
4
10 11 13 71 
0
0
L3-I_ID
0
1
12
13 14 83 84 85 86 87 88 89 90 91 92 
0
0
L3-I_OD
0
1
12
11 12 72 73 74 75 76 77 78 79 80 81 
0
0
L3-I_TOP
0
1
4
9 12 14 82 
0
0
MESH_TT_ANNULARS
0
1
8
1 4 6 7 13 14 19 20 
0
0
MESH_TT_PIPES
0
1
8
1 2 3 4 5 6 7 8 
0
0
MESH_TT_ROCK_FAR
0
1
12
9 10 11 12 15 16 17 18 71 82 113 124 
0
0
MESH_TT_ROCK_NEAR
0
1
8
9 10 13 14 15 18 19 20 
0
0
MESH_VERTICAL
0
1
170
1 2 3 4 5 6 7 8 9 10 11 12 13 14 15 16 17 18 19 20 21 22 23 24 25 26 27 28 29 30 31 32 33 34 35 36 37 38 39 40 41 42 43 44 45 46 47 48 49 50 51 52 53 54 55 56 57 58 59 60 61 62 63 64 65 66 67 68 69 70 72 73 74 75 76 77 78 79 80 81 83 84 85 86 87 88 89 90 91 92 93 94 95 96 97 98 99 100 101 102 103 104 105 106 107 108 109 110 111 112 114 115 116 117 118 119 120 121 122 123 125 126 127 128 129 130 131 132 133 134 135 136 137 138 139 140 141 142 143 144 145 146 147 148 149 150 151 152 153 154 155 156 157 158 159 160 161 162 163 164 165 166 167 168 169 170 171 172 173 174 
0
0
ROCK_BC
0
1
34
11 12 16 17 72 73 74 75 76 77 78 79 80 81 114 115 116 117 118 119 120 121 122 123 145 146 147 148 149 150 151 152 153 154 
0
0
ROCK_OUTPUT
0
1
68
9 10 13 14 15 18 19 20 61 62 63 64 65 66 67 68 69 70 83 84 85 86 87 88 89 90 91 92 125 126 127 128 129 130 131 132 133 134 135 136 137 138 139 140 141 142 143 144 155 156 157 158 159 160 161 162 163 164 165 166 167 168 169 170 171 172 173 174 
0
0
YSYM_BASE
0
1
6
3 4 10 11 13 71 
0
0
YSYM_TOP
0
1
6
7 8 17 18 20 124 
0
0
0
1
ANALISE-1-1
7
FASEI_ANNULAR
0
0
3
S4
12
1 2 3 4 5 6 7 8 9 10 11 89 
S2
34
12 13 14 15 16 17 18 19 20 21 22 55 56 57 58 59 60 61 62 63 64 65 66 155 156 157 158 159 160 161 162 163 164 165 
S1
22
122 123 124 125 126 127 128 129 130 131 132 144 145 146 147 148 149 150 151 152 153 154 
FASEI_COMPLETED_WELL
0
0
2
S2
11
1 2 3 4 5 6 7 8 9 10 11 
S4
22
12 13 14 15 16 17 18 19 20 21 22 56 57 58 59 60 61 62 63 64 65 66 
FASEI_FLUIDO
0
0
3
S4
11
1 2 3 4 5 6 7 8 9 10 11 
S2
33
12 13 14 15 16 17 18 19 20 21 22 56 57 58 59 60 61 62 63 64 65 66 155 156 157 158 159 160 161 162 163 164 165 
S1
22
122 123 124 125 126 127 128 129 130 131 132 144 145 146 147 148 149 150 151 152 153 154 
FASEI_MASTER
0
0
2
S4
11
1 2 3 4 5 6 7 8 9 10 11 
S2
22
12 13 14 15 16 17 18 19 20 21 22 56 57 58 59 60 61 62 63 64 65 66 
FASEI_OPEN_WELL
0
0
2
S1
22
122 123 124 125 126 127 128 129 130 131 132 144 145 146 147 148 149 150 151 152 153 154 
S2
11
155 156 157 158 159 160 161 162 163 164 165 
FASEI_REV
0
0
3
S2
33
1 2 3 4 5 6 7 8 9 10 11 12 13 14 15 16 17 18 19 20 21 22 56 57 58 59 60 61 62 63 64 65 66 
S3
2
11 22 
S4
33
1 2 3 4 5 6 7 8 9 10 11 12 13 14 15 16 17 18 19 20 21 22 56 57 58 59 60 61 62 63 64 65 66 
FASEI_WELL
0
0
2
S1
22
122 123 124 125 126 127 128 129 130 131 132 144 145 146 147 148 149 150 151 152 153 154 
S2
11
155 156 157 158 159 160 161 162 163 164 165 
1
ANALISE-1-1_FASEI_SLAVE_CNS_
1
0
0
1
ANALISE-1-1
1
0
68
9
1
10
1
13
1
14
1
15
1
18
1
19
1
20
1
61
1
62
1
63
1
64
1
65
1
66
1
67
1
68
1
69
1
70
1
83
1
84
1
85
1
86
1
87
1
88
1
89
1
90
1
91
1
92
1
125
1
126
1
127
1
128
1
129
1
130
1
131
1
132
1
133
1
134
1
135
1
136
1
137
1
138
1
139
1
140
1
141
1
142
1
143
1
144
1
155
1
156
1
157
1
158
1
159
1
160
1
161
1
162
1
163
1
164
1
165
1
166
1
167
1
168
1
169
1
170
1
171
1
172
1
173
1
174
1
